2022-02-03 11:58:51,494 INFO o.a.j.u.JMeterUtils: Setting Locale to en_EN
2022-02-03 11:58:51,516 INFO o.a.j.JMeter: Loading user properties from: C:\Users\yannick.nzodasitu\java-Binaries\apache-jmeter-5.4.3\bin\user.properties
2022-02-03 11:58:51,517 INFO o.a.j.JMeter: Loading system properties from: C:\Users\yannick.nzodasitu\java-Binaries\apache-jmeter-5.4.3\bin\system.properties
2022-02-03 11:58:51,522 INFO o.a.j.JMeter: Copyright (c) 1998-2021 The Apache Software Foundation
2022-02-03 11:58:51,523 INFO o.a.j.JMeter: Version 5.4.3
2022-02-03 11:58:51,523 INFO o.a.j.JMeter: java.version=17.0.1
2022-02-03 11:58:51,523 INFO o.a.j.JMeter: java.vm.name=OpenJDK 64-Bit Server VM
2022-02-03 11:58:51,523 INFO o.a.j.JMeter: os.name=Windows 10
2022-02-03 11:58:51,523 INFO o.a.j.JMeter: os.arch=amd64
2022-02-03 11:58:51,523 INFO o.a.j.JMeter: os.version=10.0
2022-02-03 11:58:51,523 INFO o.a.j.JMeter: file.encoding=Cp1252
2022-02-03 11:58:51,523 INFO o.a.j.JMeter: java.awt.headless=null
2022-02-03 11:58:51,523 INFO o.a.j.JMeter: Max memory     =1073741824
2022-02-03 11:58:51,523 INFO o.a.j.JMeter: Available Processors =12
2022-02-03 11:58:51,530 INFO o.a.j.JMeter: Default Locale=English (EN)
2022-02-03 11:58:51,530 INFO o.a.j.JMeter: JMeter  Locale=English (EN)
2022-02-03 11:58:51,530 INFO o.a.j.JMeter: JMeterHome=C:\Users\yannick.nzodasitu\java-Binaries\apache-jmeter-5.4.3
2022-02-03 11:58:51,530 INFO o.a.j.JMeter: user.dir  =C:\Users\yannick.nzodasitu\jmeterTest
2022-02-03 11:58:51,531 INFO o.a.j.JMeter: PWD       =C:\Users\yannick.nzodasitu\jmeterTest
2022-02-03 11:58:51,532 INFO o.a.j.JMeter: IP: 10.220.78.193 Name: CA-L8SR18C3 FullName: CA-L8SR18C3.groupinfra.com
